07:22:46 **** Build of project lab2a_hwdbg ****
buildplatform.sh 38331 lab2a_hwdbg  
XSDB Server Channel: tcfchan#17
Reading the platform  : "lab2a_hwdbg"
Building the BSP Library for domain  - standalone_domain on processor microblaze_0
make --no-print-directory seq_libs

Finished building libraries sequentially.

make -j 26 --no-print-directory par_libs

Running Make include in microblaze_0/libsrc/standalone_v7_7/src

make -C microblaze_0/libsrc/standalone_v7_7/src -s include  "SHELL=/bin/sh" "COMPILER=mb-gcc" "ASSEMBLER=mb-as" "ARCHIVER=mb-ar
" "COMPILER_FLAGS=  -O2 -c -mcpu=v11.0 -mlittle-endian -mno-xl-soft-div -mno-xl-soft-mul -mxl-barrel-shift" "EXTRA_COMPILER_FLA
GS=-g -ffunction-sections -fdata-sections -Wall -Wextra -fno-tree-loop-distribute-patterns"

Running Make include in microblaze_0/libsrc/intc_v3_14/src

Running Make include in microblaze_0/libsrc/uartlite_v3_7/src

make -C microblaze_0/libsrc/intc_v3_14/src -s include  "SHELL=/bin/sh" "COMPILER=mb-gcc" "ASSEMBLER=mb-as" "ARCHIVER=mb-ar" "CO
MPILER_FLAGS=  -O2 -c -mcpu=v11.0 -mlittle-endian -mno-xl-soft-div -mno-xl-soft-mul -mxl-barrel-shift" "EXTRA_COMPILER_FLAGS=-g
 -ffunction-sections -fdata-sections -Wall -Wextra -fno-tree-loop-distribute-patterns"

make -C microblaze_0/libsrc/uartlite_v3_7/src -s include  "SHELL=/bin/sh" "COMPILER=mb-gcc" "ASSEMBLER=mb-as" "ARCHIVER=mb-ar" 
"COMPILER_FLAGS=  -O2 -c -mcpu=v11.0 -mlittle-endian -mno-xl-soft-div -mno-xl-soft-mul -mxl-barrel-shift" "EXTRA_COMPILER_FLAGS
=-g -ffunction-sections -fdata-sections -Wall -Wextra -fno-tree-loop-distribute-patterns"

Running Make include in microblaze_0/libsrc/bram_v4_7/src

make -C microblaze_0/libsrc/bram_v4_7/src -s include  "SHELL=/bin/sh" "COMPILER=mb-gcc" "ASSEMBLER=mb-as" "ARCHIVER=mb-ar" "COM
PILER_FLAGS=  -O2 -c -mcpu=v11.0 -mlittle-endian -mno-xl-soft-div -mno-xl-soft-mul -mxl-barrel-shift" "EXTRA_COMPILER_FLAGS=-g 
-ffunction-sections -fdata-sections -Wall -Wextra -fno-tree-loop-distribute-patterns"

Running Make include in microblaze_0/libsrc/gpio_v4_9/src

make -C microblaze_0/libsrc/gpio_v4_9/src -s include  "SHELL=/bin/sh" "COMPILER=mb-gcc" "ASSEMBLER=mb-as" "ARCHIVER=mb-ar" "COM
PILER_FLAGS=  -O2 -c -mcpu=v11.0 -mlittle-endian -mno-xl-soft-div -mno-xl-soft-mul -mxl-barrel-shift" "EXTRA_COMPILER_FLAGS=-g 
-ffunction-sections -fdata-sections -Wall -Wextra -fno-tree-loop-distribute-patterns"

Running Make include in microblaze_0/libsrc/tmrctr_v4_9/src

make -C microblaze_0/libsrc/tmrctr_v4_9/src -s include  "SHELL=/bin/sh" "COMPILER=mb-gcc" "ASSEMBLER=mb-as" "ARCHIVER=mb-ar" "C
OMPILER_FLAGS=  -O2 -c -mcpu=v11.0 -mlittle-endian -mno-xl-soft-div -mno-xl-soft-mul -mxl-barrel-shift" "EXTRA_COMPILER_FLAGS=-
g -ffunction-sections -fdata-sections -Wall -Wextra -fno-tree-loop-distribute-patterns"

Running Make include in microblaze_0/libsrc/cpu_v2_15/src

make -C microblaze_0/libsrc/cpu_v2_15/src -s include  "SHELL=/bin/sh" "COMPILER=mb-gcc" "ASSEMBLER=mb-as" "ARCHIVER=mb-ar" "COM
PILER_FLAGS=  -O2 -c -mcpu=v11.0 -mlittle-endian -mno-xl-soft-div -mno-xl-soft-mul -mxl-barrel-shift" "EXTRA_COMPILER_FLAGS=-g 
-ffunction-sections -fdata-sections -Wall -Wextra -fno-tree-loop-distribute-patterns"

Running Make libs in microblaze_0/libsrc/standalone_v7_7/src

Running Make libs in microblaze_0/libsrc/intc_v3_14/src

make -C microblaze_0/libsrc/intc_v3_14/src -s libs  "SHELL=/bin/sh" "COMPILER=mb-gcc" "ASSEMBLER=mb-as" "ARCHIVER=mb-ar" "COMPI
LER_FLAGS=  -O2 -c -mcpu=v11.0 -mlittle-endian -mno-xl-soft-div -mno-xl-soft-mul -mxl-barrel-shift" "EXTRA_COMPILER_FLAGS=-g -f
function-sections -fdata-sections -Wall -Wextra -fno-tree-loop-distribute-patterns"

Running Make libs in microblaze_0/libsrc/uartlite_v3_7/src

Running Make libs in microblaze_0/libsrc/bram_v4_7/src

make -C microblaze_0/libsrc/standalone_v7_7/src -s libs  "SHELL=/bin/sh" "COMPILER=mb-gcc" "ASSEMBLER=mb-as" "ARCHIVER=mb-ar" "
COMPILER_FLAGS=  -O2 -c -mcpu=v11.0 -mlittle-endian -mno-xl-soft-div -mno-xl-soft-mul -mxl-barrel-shift" "EXTRA_COMPILER_FLAGS=
-g -ffunction-sections -fdata-sections -Wall -Wextra -fno-tree-loop-distribute-patterns"

make -C microblaze_0/libsrc/uartlite_v3_7/src -s libs  "SHELL=/bin/sh" "COMPILER=mb-gcc" "ASSEMBLER=mb-as" "ARCHIVER=mb-ar" "CO
MPILER_FLAGS=  -O2 -c -mcpu=v11.0 -mlittle-endian -mno-xl-soft-div -mno-xl-soft-mul -mxl-barrel-shift" "EXTRA_COMPILER_FLAGS=-g
 -ffunction-sections -fdata-sections -Wall -Wextra -fno-tree-loop-distribute-patterns"

Running Make libs in microblaze_0/libsrc/gpio_v4_9/src

make -C microblaze_0/libsrc/bram_v4_7/src -s libs  "SHELL=/bin/sh" "COMPILER=mb-gcc" "ASSEMBLER=mb-as" "ARCHIVER=mb-ar" "COMPIL
ER_FLAGS=  -O2 -c -mcpu=v11.0 -mlittle-endian -mno-xl-soft-div -mno-xl-soft-mul -mxl-barrel-shift" "EXTRA_COMPILER_FLAGS=-g -ff
unction-sections -fdata-sections -Wall -Wextra -fno-tree-loop-distribute-patterns"

make -C microblaze_0/libsrc/gpio_v4_9/src -s libs  "SHELL=/bin/sh" "COMPILER=mb-gcc" "ASSEMBLER=mb-as" "ARCHIVER=mb-ar" "COMPIL
ER_FLAGS=  -O2 -c -mcpu=v11.0 -mlittle-endian -mno-xl-soft-div -mno-xl-soft-mul -mxl-barrel-shift" "EXTRA_COMPILER_FLAGS=-g -ff
unction-sections -fdata-sections -Wall -Wextra -fno-tree-loop-distribute-patterns"

Running Make libs in microblaze_0/libsrc/tmrctr_v4_9/src

make -C microblaze_0/libsrc/tmrctr_v4_9/src -s libs  "SHELL=/bin/sh" "COMPILER=mb-gcc" "ASSEMBLER=mb-as" "ARCHIVER=mb-ar" "COMP
ILER_FLAGS=  -O2 -c -mcpu=v11.0 -mlittle-endian -mno-xl-soft-div -mno-xl-soft-mul -mxl-barrel-shift" "EXTRA_COMPILER_FLAGS=-g -
ffunction-sections -fdata-sections -Wall -Wextra -fno-tree-loop-distribute-patterns"

Running Make libs in microblaze_0/libsrc/cpu_v2_15/src

make -C microblaze_0/libsrc/cpu_v2_15/src -s libs  "SHELL=/bin/sh" "COMPILER=mb-gcc" "ASSEMBLER=mb-as" "ARCHIVER=mb-ar" "COMPIL
ER_FLAGS=  -O2 -c -mcpu=v11.0 -mlittle-endian -mno-xl-soft-div -mno-xl-soft-mul -mxl-barrel-shift" "EXTRA_COMPILER_FLAGS=-g -ff
unction-sections -fdata-sections -Wall -Wextra -fno-tree-loop-distribute-patterns"

Finished building libraries parallelly.

make --no-print-directory archive

mb-ar -r  microblaze_0/lib/libxil.a microblaze_0/lib/errno.o microblaze_0/lib/microblaze_invalidate_icache.o microblaze_0/lib/m
icroblaze_init_dcache_range.o microblaze_0/lib/xtmrctr_intr.o microblaze_0/lib/xtmrctr_selftest.o microblaze_0/lib/microblaze_i
nvalidate_icache_range.o microblaze_0/lib/xtmrctr_sinit.o microblaze_0/lib/xintc_l.o microblaze_0/lib/microblaze_enable_dcache.
o microblaze_0/lib/xtmrctr_g.o microblaze_0/lib/xil_mem.o microblaze_0/lib/microblaze_enable_exceptions.o microblaze_0/lib/micr
oblaze_interrupts_g.o microblaze_0/lib/xbram_g.o microblaze_0/lib/xil_testcache.o microblaze_0/lib/xintc_intr.o microblaze_0/li
b/xuartlite_selftest.o microblaze_0/lib/microblaze_selftest.o microblaze_0/lib/xtmrctr.o microblaze_0/lib/hw_exception_handler.
o microblaze_0/lib/xuartlite_sinit.o microblaze_0/lib/microblaze_sleep.o microblaze_0/lib/microblaze_invalidate_cache_ext.o mic
roblaze_0/lib/xuartlite_g.o microblaze_0/lib/microblaze_invalidate_dcache_range.o microblaze_0/lib/xgpio_intr.o microblaze_0/li
b/xintc_selftest.o microblaze_0/lib/xio.o microblaze_0/lib/xil_printf.o microblaze_0/lib/xil_sleepcommon.o microblaze_0/lib/mic
roblaze_exception_handler.o microblaze_0/lib/xintc_options.o microblaze_0/lib/xgpio_selftest.o microblaze_0/lib/microblaze_flus
h_cache_ext_range.o microblaze_0/lib/xuartlite_intr.o microblaze_0/lib/xgpio_sinit.o microblaze_0/lib/xgpio_g.o microblaze_0/li
b/microblaze_disable_icache.o microblaze_0/lib/xintc_g.o microblaze_0/lib/microblaze_interrupt_handler.o microblaze_0/lib/xbram
_selftest.o microblaze_0/lib/microblaze_disable_interrupts.o microblaze_0/lib/microblaze_invalidate_dcache.o microblaze_0/lib/p
vr.o microblaze_0/lib/xbram_sinit.o microblaze_0/lib/inbyte.o microblaze_0/lib/xil_util.o microblaze_0/lib/xil_cache.o microbla
ze_0/lib/xtmrctr_l.o microblaze_0/lib/xinterrupt_wrap.o microblaze_0/lib/xil_misc_psreset_api.o microblaze_0/lib/microblaze_upd
ate_dcache.o microblaze_0/lib/microblaze_flush_cache_ext.o microblaze_0/lib/microblaze_flush_dcache_range.o microblaze_0/lib/mi
croblaze_enable_icache.o microblaze_0/lib/microblaze_disable_dcache.o microblaze_0/lib/xil_testio.o microblaze_0/lib/_exit.o mi
croblaze_0/lib/xtmrctr_options.o microblaze_0/lib/print.o microblaze_0/lib/microblaze_disable_exceptions.o microblaze_0/lib/xua
rtlite.o microblaze_0/lib/xplatform_info.o microblaze_0/lib/outbyte.o microblaze_0/lib/fcntl.o microblaze_0/lib/microblaze_init
_icache_range.o microblaze_0/lib/xbram_intr.o microblaze_0/lib/xtmrctr_stats.o microblaze_0/lib/xbram.o microblaze_0/lib/xintc.
o microblaze_0/lib/xgpio_extra.o microblaze_0/lib/microblaze_enable_interrupts.o microblaze_0/lib/xil_assert.o microblaze_0/lib
/xil_clocking.o microblaze_0/lib/microblaze_flush_dcache.o microblaze_0/lib/microblaze_update_icache.o microblaze_0/lib/xil_tes
tmem.o microblaze_0/lib/xgpio.o microblaze_0/lib/xil_exception.o microblaze_0/lib/microblaze_scrub.o microblaze_0/lib/microblaz
e_invalidate_cache_ext_range.o microblaze_0/lib/xuartlite_stats.o microblaze_0/lib/xuartlite_l.o

Finished building libraries


07:23:01 Build Finished (took 14s.240ms)

